{"logTime": "0307/132757", "correlationVector":"cuNIZHCKdDfXdSLkpNHqeF.1","action":"SyncServerConnectionManagerRequest", "result":"SYNC_SERVER_OK", "context":{"environment":"Prod_germanywestcentral_prod-s01-010-eur-germanywestcentral", "migrationStage":"NotStarted", "server":"akswtt11000009x"}}
{"logTime": "0307/132757", "correlationVector":"cuNIZHCKdDfXdSLkpNHqeF.2","action":"ProcessGetUpdates", "result":"Done", "context":{"dataType":"Encryption Keys", "deleted":"0", "process_failed_to_decrypt":"0", "process_pending_decryption":"0", "process_success":"1", "total":"1"}}
{"logTime": "0307/132757", "correlationVector":"YO/7NfILSn4qsNkAHjEBat","action":"SyncServerConnectionManagerRequest", "result":"SYNC_SERVER_OK", "context":{"environment":"", "migrationStage":"", "server":""}}
{"logTime": "0307/132757", "correlationVector":"YO/7NfILSn4qsNkAHjEBat.0","action":"EncryptionKeysFetcher.DownloadKeys:", "result":"Success", "context":Key count: 5, Last key timestamp: 2026-01-13T15:41:26Z}
{"logTime": "0307/132757", "correlationVector":"YO/7NfILSn4qsNkAHjEBat.1","action":"EncryptionKeysManager::SetEncryptionKeys:", "result":"Success", "context":Key names[5]:[IG+TgrrpkjP8RzGCtfpXU8bIolIVbVgWUtjB/WLq4cwzHeNn7torBYYoWue6WE6orCj2DkVv+CAWQkyut5pZQQ==][3BwOZdE3g/1zYCb1CkWP/MM0T9s7dy4jooY5wgcND2lR5n2hwP5cMh+e1Cgs6AM9qt6jFK6mFlkVzCYiLeQwOg==][yN4P2j+CL8SeAprsWdeZvDzcEuAWyLx7l2hE7loxkAXAkkRKaOOKaHghuEvGkx3EBH2Urnko3tOu/1eWwtb86Q==][YbSggzS+jGvr/JRz2I9fy44rG1+lH1Yh7KRobKewdfMIDzDG08409XcIXze5zLQMcnAHVFSCkvYxM/ta+qGeeg==][ZCoJnGpQ+/OYnM9w9xbu60oeS1JWPC6Kqp/1/wvUrG6tAwvcK2miuKK+ZUrB1O3yaKqkmtP6IQcUlS0XERS+1A==]}
{"logTime": "0307/132757", "correlationVector":"YO/7NfILSn4qsNkAHjEBat.2","action":"EncryptionKeysManager::SetEncryptionKeysWithTimestamps:", "result":"Success", "context":Key timestamps[5]:[2023-08-17T09:06:46Z][2024-02-14T19:26:04Z][2024-09-10T07:57:53Z][2025-07-02T18:24:13Z][2026-01-13T15:41:26Z]}
{"logTime": "0307/132757", "correlationVector":"cuNIZHCKdDfXdSLkpNHqeF","action":"Initial GetUpdates", "result":"", "context":Reason: NEW_CLIENT. cV=cuNIZHCKdDfXdSLkpNHqeF}
{"logTime": "0307/132757", "correlationVector":"cuNIZHCKdDfXdSLkpNHqeF.3","action":"GetUpdates Response", "result":"Success", "context":Received 1 update(s). cV=cuNIZHCKdDfXdSLkpNHqeF.0;server=akswtt11000009x;cloudType=Consumer;environment=Prod_germanywestcentral_prod-s01-010-eur-germanywestcentral;migrationStage=NotStarted}
{"logTime": "0307/132757", "correlationVector":"Nf1/WfeGY7ujZBW/SNdTTC","action":"Initial GetUpdates", "result":"", "context":Reason: NEWLY_SUPPORTED_DATATYPE. cV=Nf1/WfeGY7ujZBW/SNdTTC}
{"logTime": "0307/132758", "correlationVector":"Nf1/WfeGY7ujZBW/SNdTTC.1","action":"SyncServerConnectionManagerRequest", "result":"SYNC_SERVER_OK", "context":{"environment":"Prod_germanywestcentral_prod-s01-010-eur-germanywestcentral", "migrationStage":"NotStarted", "server":"akswtt1100000a7"}}
{"logTime": "0307/132758", "correlationVector":"Nf1/WfeGY7ujZBW/SNdTTC.2","action":"ProcessGetUpdates", "result":"Done", "context":{"dataType":"Device Info", "deleted":"0", "process_failed_to_decrypt":"0", "process_pending_decryption":"0", "process_success":"3", "total":"3"}}
{"logTime": "0307/132758", "correlationVector":"Nf1/WfeGY7ujZBW/SNdTTC.3","action":"GetUpdates Response", "result":"Success", "context":Received 3 update(s). cV=Nf1/WfeGY7ujZBW/SNdTTC.0;server=akswtt1100000a7;cloudType=Consumer;environment=Prod_germanywestcentral_prod-s01-010-eur-germanywestcentral;migrationStage=NotStarted}
{"logTime": "0307/132758", "correlationVector":"62TtK7zp36SoEFWPMd1FnO","action":"Initial GetUpdates", "result":"", "context":Reason: NEWLY_SUPPORTED_DATATYPE. cV=62TtK7zp36SoEFWPMd1FnO}
{"logTime": "0307/132758", "correlationVector":"62TtK7zp36SoEFWPMd1FnO.1","action":"SyncServerConnectionManagerRequest", "result":"SYNC_SERVER_OK", "context":{"environment":"Prod_germanywestcentral_prod-s01-010-eur-germanywestcentral", "migrationStage":"NotStarted", "server":"akswtt1100000ah"}}
{"logTime": "0307/132758", "correlationVector":"62TtK7zp36SoEFWPMd1FnO.2","action":"GetUpdates Response", "result":"Success", "context":Received 0 update(s). cV=62TtK7zp36SoEFWPMd1FnO.0;server=akswtt1100000ah;cloudType=Consumer;environment=Prod_germanywestcentral_prod-s01-010-eur-germanywestcentral;migrationStage=NotStarted}
{"logTime": "0307/132758", "correlationVector":"ZLPPQX6K5pVWTjQucMyOL8","action":"Normal GetUpdate request", "result":"", "context":cV=ZLPPQX6K5pVWTjQucMyOL8
Nudged types: Device Info
Refresh requested types: Extensions, Extension settings, Device Info, User Consents, Send Tab To Self, Web Apps, Encryption Keys}
{"logTime": "0307/132759", "correlationVector":"ZLPPQX6K5pVWTjQucMyOL8.1","action":"SyncServerConnectionManagerRequest", "result":"SYNC_SERVER_OK", "context":{"environment":"Prod_germanywestcentral_prod-s01-010-eur-germanywestcentral", "migrationStage":"NotStarted", "server":"akswtt11000009c"}}
{"logTime": "0307/132759", "correlationVector":"ZLPPQX6K5pVWTjQucMyOL8.2","action":"GetUpdates Response", "result":"Success", "context":Received 0 update(s). cV=ZLPPQX6K5pVWTjQucMyOL8.0;server=akswtt11000009c;cloudType=Consumer;environment=Prod_germanywestcentral_prod-s01-010-eur-germanywestcentral;migrationStage=NotStarted}
{"logTime": "0307/132759", "correlationVector":"AMKsK26Xlins6siz7F8rcy","action":"DoCompareDataConsistency requsted types: ", "result":"Extensions, Extension settings, Send Tab To Self, Web Apps, Encryption Keys"}
{"logTime": "0307/132759", "correlationVector":"AMKsK26Xlins6siz7F8rcy.0","action":"CompareDataConsistency result: ", "result":"Compare result: Encryption Keys is consistent. local entities count is: 1 local entities hash is: sxK5U2ESD24oIam7VEpOWKqcq14="}
{"logTime": "0307/132759", "correlationVector":"AMKsK26Xlins6siz7F8rcy.1","action":"CompareDataConsistency result: ", "result":"Compare result: Extensions is consistent. local entities count is: 0 local entities hash is: "}
{"logTime": "0307/132759", "correlationVector":"AMKsK26Xlins6siz7F8rcy.2","action":"CompareDataConsistency result: ", "result":"Compare result: Extension settings is consistent. local entities count is: 0 local entities hash is: "}
{"logTime": "0307/132759", "correlationVector":"AMKsK26Xlins6siz7F8rcy.3","action":"CompareDataConsistency result: ", "result":"Server did not send this Send Tab To Self local entities count is: 0 local entities hash is: "}
{"logTime": "0307/132759", "correlationVector":"AMKsK26Xlins6siz7F8rcy.4","action":"CompareDataConsistency result: ", "result":"Compare result: Web Apps is consistent. local entities count is: 0 local entities hash is: "}
{"logTime": "0307/132759", "correlationVector":"YFQi9qw0UWapjpP5C/hcMR","action":"Commit Request", "result":"", "context":Item count: 1
Contributing types: Device Info}
{"logTime": "0307/132800", "correlationVector":"YFQi9qw0UWapjpP5C/hcMR.1","action":"SyncServerConnectionManagerRequest", "result":"SYNC_SERVER_OK", "context":{"environment":"Prod_germanywestcentral_prod-s01-010-eur-germanywestcentral", "migrationStage":"NotStarted", "server":"akswtt1100000ah"}}
{"logTime": "0307/132800", "correlationVector":"YFQi9qw0UWapjpP5C/hcMR.2","action":"Commit Response", "result":"Success", "context":Result: Success. cV=YFQi9qw0UWapjpP5C/hcMR.0;server=akswtt1100000ah;cloudType=Consumer;environment=Prod_germanywestcentral_prod-s01-010-eur-germanywestcentral;migrationStage=NotStarted}
{"logTime": "0307/132800", "correlationVector":"","action":"DIAGNOSTIC_REQUEST|v1/diagnosticData/Diagnostic.SendCheckResult()|SUCCESS", "result":""}
{"logTime": "0307/132800", "correlationVector":"qzIy0t2T6QVsVwf4TRDf9Y","action":"Initial GetUpdates", "result":"", "context":Reason: RECONFIGURATION. cV=qzIy0t2T6QVsVwf4TRDf9Y}
{"logTime": "0307/132800", "correlationVector":"qzIy0t2T6QVsVwf4TRDf9Y.1","action":"SyncServerConnectionManagerRequest", "result":"SYNC_SERVER_OK", "context":{"environment":"Prod_germanywestcentral_prod-s01-010-eur-germanywestcentral", "migrationStage":"NotStarted", "server":"akswtt11000009r"}}
{"logTime": "0307/132800", "correlationVector":"qzIy0t2T6QVsVwf4TRDf9Y.2","action":"ProcessGetUpdates", "result":"Done", "context":{"dataType":"Preferences", "deleted":"0", "process_failed_to_decrypt":"0", "process_pending_decryption":"0", "process_success":"46", "total":"46"}}
{"logTime": "0307/132800", "correlationVector":"qzIy0t2T6QVsVwf4TRDf9Y.3","action":"ProcessGetUpdates", "result":"Done", "context":{"dataType":"Device Info", "deleted":"0", "process_failed_to_decrypt":"0", "process_pending_decryption":"0", "process_success":"4", "total":"4"}}
{"logTime": "0307/132800", "correlationVector":"qzIy0t2T6QVsVwf4TRDf9Y.4","action":"GetUpdates Response", "result":"Success", "context":Received 50 update(s). cV=qzIy0t2T6QVsVwf4TRDf9Y.0;server=akswtt11000009r;cloudType=Consumer;environment=Prod_germanywestcentral_prod-s01-010-eur-germanywestcentral;migrationStage=NotStarted}
{"logTime": "0307/132800", "correlationVector":"tnGbIZCO6KEQ6Ce5ex5076","action":"Initial GetUpdates", "result":"", "context":Reason: RECONFIGURATION. cV=tnGbIZCO6KEQ6Ce5ex5076}
{"logTime": "0307/132800", "correlationVector":"tnGbIZCO6KEQ6Ce5ex5076.1","action":"SyncServerConnectionManagerRequest", "result":"SYNC_SERVER_OK", "context":{"environment":"Prod_germanywestcentral_prod-s01-010-eur-germanywestcentral", "migrationStage":"NotStarted", "server":"akswtt11000009c"}}
{"logTime": "0307/132800", "correlationVector":"tnGbIZCO6KEQ6Ce5ex5076.2","action":"ProcessGetUpdates", "result":"Done", "context":{"dataType":"Bookmarks", "deleted":"0", "process_failed_to_decrypt":"0", "process_pending_decryption":"0", "process_success":"7", "total":"7"}}
{"logTime": "0307/132800", "correlationVector":"tnGbIZCO6KEQ6Ce5ex5076.3","action":"GetUpdates Response", "result":"Success", "context":Received 7 update(s). cV=tnGbIZCO6KEQ6Ce5ex5076.0;server=akswtt11000009c;cloudType=Consumer;environment=Prod_germanywestcentral_prod-s01-010-eur-germanywestcentral;migrationStage=NotStarted}
{"logTime": "0307/132800", "correlationVector":"v+Ke9gJ5w9LnBtKALzdIlH","action":"Initial GetUpdates", "result":"", "context":Reason: RECONFIGURATION. cV=v+Ke9gJ5w9LnBtKALzdIlH}
{"logTime": "0307/132801", "correlationVector":"v+Ke9gJ5w9LnBtKALzdIlH.1","action":"SyncServerConnectionManagerRequest", "result":"SYNC_SERVER_OK", "context":{"environment":"Prod_germanywestcentral_prod-s01-010-eur-germanywestcentral", "migrationStage":"NotStarted", "server":"akswtt1100000a1"}}
{"logTime": "0307/132801", "correlationVector":"v+Ke9gJ5w9LnBtKALzdIlH.2","action":"ProcessGetUpdates", "result":"Done", "context":{"dataType":"Autofill Profiles", "deleted":"0", "process_failed_to_decrypt":"0", "process_pending_decryption":"0", "process_success":"1", "total":"1"}}
{"logTime": "0307/132801", "correlationVector":"v+Ke9gJ5w9LnBtKALzdIlH.3","action":"ProcessGetUpdates", "result":"Done", "context":{"dataType":"Autofill", "deleted":"0", "process_failed_to_decrypt":"0", "process_pending_decryption":"0", "process_success":"2", "total":"2"}}
{"logTime": "0307/132801", "correlationVector":"v+Ke9gJ5w9LnBtKALzdIlH.4","action":"ProcessGetUpdates", "result":"Done", "context":{"dataType":"Sessions", "deleted":"7", "process_failed_to_decrypt":"0", "process_pending_decryption":"0", "process_success":"9", "total":"9"}}
{"logTime": "0307/132801", "correlationVector":"v+Ke9gJ5w9LnBtKALzdIlH.5","action":"ProcessGetUpdates", "result":"Done", "context":{"dataType":"Edge Hub App Usage", "deleted":"2", "process_failed_to_decrypt":"0", "process_pending_decryption":"0", "process_success":"4", "total":"4"}}
{"logTime": "0307/132801", "correlationVector":"v+Ke9gJ5w9LnBtKALzdIlH.6","action":"GetUpdates Response", "result":"Success", "context":Received 16 update(s). cV=v+Ke9gJ5w9LnBtKALzdIlH.0;server=akswtt1100000a1;cloudType=Consumer;environment=Prod_germanywestcentral_prod-s01-010-eur-germanywestcentral;migrationStage=NotStarted}
{"logTime": "0307/132801", "correlationVector":"9isgG7qrCIAdQFL+qew0dN","action":"Initial GetUpdates", "result":"", "context":Reason: RECONFIGURATION. cV=9isgG7qrCIAdQFL+qew0dN}
{"logTime": "0307/132801", "correlationVector":"9isgG7qrCIAdQFL+qew0dN.1","action":"SyncServerConnectionManagerRequest", "result":"SYNC_SERVER_OK", "context":{"environment":"Prod_germanywestcentral_prod-s01-010-eur-germanywestcentral", "migrationStage":"NotStarted", "server":"akswtt11000009r"}}
{"logTime": "0307/132801", "correlationVector":"9isgG7qrCIAdQFL+qew0dN.2","action":"ProcessGetUpdates", "result":"Done", "context":{"dataType":"History", "deleted":"0", "process_failed_to_decrypt":"0", "process_pending_decryption":"0", "process_success":"4", "total":"4"}}
{"logTime": "0307/132801", "correlationVector":"9isgG7qrCIAdQFL+qew0dN.3","action":"GetUpdates Response", "result":"Success", "context":Received 4 update(s). cV=9isgG7qrCIAdQFL+qew0dN.0;server=akswtt11000009r;cloudType=Consumer;environment=Prod_germanywestcentral_prod-s01-010-eur-germanywestcentral;migrationStage=NotStarted}
{"logTime": "0307/132801", "correlationVector":"TGaE14SLeH/81Cg1SM23Ti","action":"Normal GetUpdate request", "result":"", "context":cV=TGaE14SLeH/81Cg1SM23Ti
Nudged types: Bookmarks, Sessions, Device Info
Refresh requested types: Bookmarks, Preferences, Passwords, Autofill Profiles, Autofill, Extensions, Sessions, Extension settings, History Delete Directives, Device Info, User Consents, Send Tab To Self, Web Apps, History, Saved Tab Group, WebAuthn Credentials, Collection, Edge E Drop, Edge Hub App Usage, Edge Wallet, Edge Workspace, Encryption Keys}
{"logTime": "0307/132801", "correlationVector":"TGaE14SLeH/81Cg1SM23Ti.1","action":"SyncServerConnectionManagerRequest", "result":"SYNC_SERVER_OK", "context":{"environment":"Prod_germanywestcentral_prod-s01-010-eur-germanywestcentral", "migrationStage":"NotStarted", "server":"akswtt11000009c"}}
{"logTime": "0307/132801", "correlationVector":"TGaE14SLeH/81Cg1SM23Ti.2","action":"GetUpdates Response", "result":"Success", "context":Received 0 update(s). cV=TGaE14SLeH/81Cg1SM23Ti.0;server=akswtt11000009c;cloudType=Consumer;environment=Prod_germanywestcentral_prod-s01-010-eur-germanywestcentral;migrationStage=NotStarted}
{"logTime": "0307/132801", "correlationVector":"BBWj+au2PoWIw5K1CUeeji","action":"Commit Request", "result":"", "context":Item count: 3
Contributing types: Bookmarks, Sessions, Device Info}
{"logTime": "0307/132803", "correlationVector":"BBWj+au2PoWIw5K1CUeeji.1","action":"SyncServerConnectionManagerRequest", "result":"SYNC_SERVER_OK", "context":{"environment":"Prod_germanywestcentral_prod-s01-010-eur-germanywestcentral", "migrationStage":"NotStarted", "server":"akswtt11000009c"}}
{"logTime": "0307/132803", "correlationVector":"BBWj+au2PoWIw5K1CUeeji.2","action":"Commit Response", "result":"Success", "context":Result: Success. cV=BBWj+au2PoWIw5K1CUeeji.0;server=akswtt11000009c;cloudType=Consumer;environment=Prod_germanywestcentral_prod-s01-010-eur-germanywestcentral;migrationStage=NotStarted}
{"logTime": "0307/132803", "correlationVector":"wSYPKVkopddlOEvwtrJXe7","action":"Commit Request", "result":"", "context":Item count: 3
Contributing types: Sessions, History}
{"logTime": "0307/132804", "correlationVector":"wSYPKVkopddlOEvwtrJXe7.1","action":"SyncServerConnectionManagerRequest", "result":"SYNC_SERVER_OK", "context":{"environment":"Prod_germanywestcentral_prod-s01-010-eur-germanywestcentral", "migrationStage":"NotStarted", "server":"akswtt11000009c"}}
{"logTime": "0307/132804", "correlationVector":"wSYPKVkopddlOEvwtrJXe7.2","action":"Commit Response", "result":"Success", "context":Result: Success. cV=wSYPKVkopddlOEvwtrJXe7.0;server=akswtt11000009c;cloudType=Consumer;environment=Prod_germanywestcentral_prod-s01-010-eur-germanywestcentral;migrationStage=NotStarted}
{"logTime": "0307/133033", "correlationVector":"OuT6dnNM9SvQhqzLPtcIrl","action":"Normal GetUpdate request", "result":"", "context":cV=OuT6dnNM9SvQhqzLPtcIrl
Nudged types: Sessions, History
Refresh requested types: Bookmarks, Preferences, Passwords, Autofill Profiles, Autofill, Extensions, Sessions, Extension settings, History Delete Directives, Device Info, User Consents, Send Tab To Self, Web Apps, History, Saved Tab Group, WebAuthn Credentials, Collection, Edge E Drop, Edge Hub App Usage, Edge Wallet, Edge Workspace, Encryption Keys}
{"logTime": "0307/133033", "correlationVector":"OuT6dnNM9SvQhqzLPtcIrl.1","action":"SyncServerConnectionManagerRequest", "result":"SYNC_SERVER_OK", "context":{"environment":"Prod_germanywestcentral_prod-s01-010-eur-germanywestcentral", "migrationStage":"NotStarted", "server":"akswtt11000009v"}}
{"logTime": "0307/133033", "correlationVector":"OuT6dnNM9SvQhqzLPtcIrl.2","action":"ProcessGetUpdates", "result":"Done", "context":{"dataType":"Bookmarks", "deleted":"0", "process_failed_to_decrypt":"0", "process_pending_decryption":"0", "process_success":"1", "total":"1"}}
{"logTime": "0307/133033", "correlationVector":"OuT6dnNM9SvQhqzLPtcIrl.3","action":"ProcessGetUpdates", "result":"Done", "context":{"dataType":"Sessions", "deleted":"0", "process_failed_to_decrypt":"0", "process_pending_decryption":"0", "process_success":"2", "total":"2"}}
{"logTime": "0307/133033", "correlationVector":"OuT6dnNM9SvQhqzLPtcIrl.4","action":"ProcessGetUpdates", "result":"Done", "context":{"dataType":"Device Info", "deleted":"0", "process_failed_to_decrypt":"0", "process_pending_decryption":"0", "process_success":"1", "total":"1"}}
{"logTime": "0307/133033", "correlationVector":"OuT6dnNM9SvQhqzLPtcIrl.5","action":"ProcessGetUpdates", "result":"Done", "context":{"dataType":"History", "deleted":"0", "process_failed_to_decrypt":"0", "process_pending_decryption":"0", "process_success":"1", "total":"1"}}
{"logTime": "0307/133033", "correlationVector":"OuT6dnNM9SvQhqzLPtcIrl.6","action":"GetUpdates Response", "result":"Success", "context":Received 5 update(s). cV=OuT6dnNM9SvQhqzLPtcIrl.0;server=akswtt11000009v;cloudType=Consumer;environment=Prod_germanywestcentral_prod-s01-010-eur-germanywestcentral;migrationStage=NotStarted}
{"logTime": "0307/133033", "correlationVector":"IcBncJ+tCYxZW6D8fTZaTP","action":"Commit Request", "result":"", "context":Item count: 3
Contributing types: Sessions, History}
{"logTime": "0307/133034", "correlationVector":"IcBncJ+tCYxZW6D8fTZaTP.1","action":"SyncServerConnectionManagerRequest", "result":"SYNC_SERVER_OK", "context":{"environment":"Prod_germanywestcentral_prod-s01-010-eur-germanywestcentral", "migrationStage":"NotStarted", "server":"akswtt1100000bb"}}
{"logTime": "0307/133034", "correlationVector":"IcBncJ+tCYxZW6D8fTZaTP.3","action":"Commit.Sessions", "result":"Success", "context":{"id":"6c24e96a-3b40-47ba-864f-4694cf8904a5", "isDeleted":"true", "size":"0", "version":"1772890085964"}}
{"logTime": "0307/133034", "correlationVector":"IcBncJ+tCYxZW6D8fTZaTP.2","action":"Commit Response", "result":"Success", "context":Result: Success. cV=IcBncJ+tCYxZW6D8fTZaTP.0;server=akswtt1100000bb;cloudType=Consumer;environment=Prod_germanywestcentral_prod-s01-010-eur-germanywestcentral;migrationStage=NotStarted}
{"logTime": "0307/133104", "correlationVector":"Awax0itzG8oVpOTASnj6tf","action":"Commit Request", "result":"", "context":Item count: 1
Contributing types: Preferences}
{"logTime": "0307/133105", "correlationVector":"Awax0itzG8oVpOTASnj6tf.1","action":"SyncServerConnectionManagerRequest", "result":"SYNC_SERVER_OK", "context":{"environment":"Prod_germanywestcentral_prod-s01-010-eur-germanywestcentral", "migrationStage":"NotStarted", "server":"akswtt11000009v"}}
{"logTime": "0307/133105", "correlationVector":"Awax0itzG8oVpOTASnj6tf.2","action":"Commit Response", "result":"Success", "context":Result: Success. cV=Awax0itzG8oVpOTASnj6tf.0;server=akswtt11000009v;cloudType=Consumer;environment=Prod_germanywestcentral_prod-s01-010-eur-germanywestcentral;migrationStage=NotStarted}
